Determining if the pthread_create exist failed with the following output:
Change Dir: /home/steve/Documents/ROS/Docker/f1-autonomous-car/f1_tenth_sim/catkin_ws/build/CMakeFiles/CMakeTmp

Run Build Command:"/usr/bin/make" "cmTC_17642/fast"
/usr/bin/make -f CMakeFiles/cmTC_17642.dir/build.make CMakeFiles/cmTC_17642.dir/build
make[1]: Entering directory '/home/steve/Documents/ROS/Docker/f1-autonomous-car/f1_tenth_sim/catkin_ws/build/CMakeFiles/CMakeTmp'
Building C object CMakeFiles/cmTC_17642.dir/CheckSymbolExists.c.o
/usr/bin/cc     -o CMakeFiles/cmTC_17642.dir/CheckSymbolExists.c.o   -c /home/steve/Documents/ROS/Docker/f1-autonomous-car/f1_tenth_sim/catkin_ws/build/CMakeFiles/CMakeTmp/CheckSymbolExists.c
Linking C executable cmTC_17642
/usr/bin/cmake -E cmake_link_script CMakeFiles/cmTC_17642.dir/link.txt --verbose=1
/usr/bin/cc       CMakeFiles/cmTC_17642.dir/CheckSymbolExists.c.o  -o cmTC_17642 -rdynamic 
CMakeFiles/cmTC_17642.dir/CheckSymbolExists.c.o: In function `main':
CheckSymbolExists.c:(.text+0x16): undefined reference to `pthread_create'
collect2: error: ld returned 1 exit status
CMakeFiles/cmTC_17642.dir/build.make:97: recipe for target 'cmTC_17642' failed
make[1]: *** [cmTC_17642] Error 1
make[1]: Leaving directory '/home/steve/Documents/ROS/Docker/f1-autonomous-car/f1_tenth_sim/catkin_ws/build/CMakeFiles/CMakeTmp'
Makefile:126: recipe for target 'cmTC_17642/fast' failed
make: *** [cmTC_17642/fast] Error 2

File /home/steve/Documents/ROS/Docker/f1-autonomous-car/f1_tenth_sim/catkin_ws/build/CMakeFiles/CMakeTmp/CheckSymbolExists.c:
/* */
#include <pthread.h>

int main(int argc, char** argv)
{
  (void)argv;
#ifndef pthread_create
  return ((int*)(&pthread_create))[argc];
#else
  (void)argc;
  return 0;
#endif
}

Determining if the function pthread_create exists in the pthreads failed with the following output:
Change Dir: /home/steve/Documents/ROS/Docker/f1-autonomous-car/f1_tenth_sim/catkin_ws/build/CMakeFiles/CMakeTmp

Run Build Command:"/usr/bin/make" "cmTC_07c1d/fast"
/usr/bin/make -f CMakeFiles/cmTC_07c1d.dir/build.make CMakeFiles/cmTC_07c1d.dir/build
make[1]: Entering directory '/home/steve/Documents/ROS/Docker/f1-autonomous-car/f1_tenth_sim/catkin_ws/build/CMakeFiles/CMakeTmp'
Building C object CMakeFiles/cmTC_07c1d.dir/CheckFunctionExists.c.o
/usr/bin/cc    -DCHECK_FUNCTION_EXISTS=pthread_create   -o CMakeFiles/cmTC_07c1d.dir/CheckFunctionExists.c.o   -c /usr/share/cmake-3.5/Modules/CheckFunctionExists.c
Linking C executable cmTC_07c1d
/usr/bin/cmake -E cmake_link_script CMakeFiles/cmTC_07c1d.dir/link.txt --verbose=1
/usr/bin/cc   -DCHECK_FUNCTION_EXISTS=pthread_create    CMakeFiles/cmTC_07c1d.dir/CheckFunctionExists.c.o  -o cmTC_07c1d -rdynamic -lpthreads 
/usr/bin/ld: cannot find -lpthreads
collect2: error: ld returned 1 exit status
CMakeFiles/cmTC_07c1d.dir/build.make:97: recipe for target 'cmTC_07c1d' failed
make[1]: *** [cmTC_07c1d] Error 1
make[1]: Leaving directory '/home/steve/Documents/ROS/Docker/f1-autonomous-car/f1_tenth_sim/catkin_ws/build/CMakeFiles/CMakeTmp'
Makefile:126: recipe for target 'cmTC_07c1d/fast' failed
make: *** [cmTC_07c1d/fast] Error 2


